<?xml version="1.0" encoding="UTF-8"?>
<testng-results ignored="0" total="3" passed="3" failed="0" skipped="0">
  <reporter-output>
  </reporter-output>
  <suite started-at="2023-05-05T13:55:35 IST" name="Default suite" finished-at="2023-05-05T13:55:35 IST" duration-ms="83">
    <groups>
    </groups>
    <test started-at="2023-05-05T13:55:35 IST" name="Default test" finished-at="2023-05-05T13:55:35 IST" duration-ms="83">
      <class name="testNG.tc2">
        <test-method signature="employee(java.lang.String,int,java.lang.String)[pri:0, instance:testNG.tc2@4fb0f2b9]" started-at="2023-05-05T13:55:35 IST" name="employee" data-provider="employeeDetail" finished-at="2023-05-05T13:55:35 IST" duration-ms="17" status="PASS">
          <params>
            <param index="0">
              <value>
                <![CDATA[Shivam]]>
              </value>
            </param>
            <param index="1">
              <value>
                <![CDATA[123]]>
              </value>
            </param>
            <param index="2">
              <value>
                <![CDATA[abc@gmail.com]]>
              </value>
            </param>
          </params>
          <reporter-output>
          </reporter-output>
        </test-method> <!-- employee -->
        <test-method signature="employee(java.lang.String,int,java.lang.String)[pri:0, instance:testNG.tc2@4fb0f2b9]" started-at="2023-05-05T13:55:35 IST" name="employee" data-provider="employeeDetail" finished-at="2023-05-05T13:55:35 IST" duration-ms="3" status="PASS">
          <params>
            <param index="0">
              <value>
                <![CDATA[Roushan]]>
              </value>
            </param>
            <param index="1">
              <value>
                <![CDATA[345]]>
              </value>
            </param>
            <param index="2">
              <value>
                <![CDATA[cde@xyz.com]]>
              </value>
            </param>
          </params>
          <reporter-output>
          </reporter-output>
        </test-method> <!-- employee -->
        <test-method signature="employee(java.lang.String,int,java.lang.String)[pri:0, instance:testNG.tc2@4fb0f2b9]" started-at="2023-05-05T13:55:35 IST" name="employee" data-provider="employeeDetail" finished-at="2023-05-05T13:55:35 IST" duration-ms="2" status="PASS">
          <params>
            <param index="0">
              <value>
                <![CDATA[Shivansh]]>
              </value>
            </param>
            <param index="1">
              <value>
                <![CDATA[678]]>
              </value>
            </param>
            <param index="2">
              <value>
                <![CDATA[dgc@fjg.com]]>
              </value>
            </param>
          </params>
          <reporter-output>
          </reporter-output>
        </test-method> <!-- employee -->
      </class> <!-- testNG.tc2 -->
    </test> <!-- Default test -->
  </suite> <!-- Default suite -->
</testng-results>
